[run_all] ==> run_figure8a.sh
rm -rf bin libgpu.a
mkdir -p bin
nvcc -O3 -std=c++14 -Xcompiler -fopenmp -rdc=true -arch=sm_75 -DON_DCPMM -DHAVE_ALIGNED_NEW -DROCKSDB_PLATFORM_POSIX -DROCKSDB_LIB_IO_POSIX -DOS_LINUX -DROCKSDB_FALLOCATE_PRESENT -DSNAPPY -DGFLAGS=1 -DZLIB -DBZIP2 -DNUMA -DTBB -DROCKSDB_MALLOC_USABLE_SIZE -DROCKSDB_PTHREAD_ADAPTIVE_MUTEX -DROCKSDB_BACKTRACE -DROCKSDB_RANGESYNC_PRESENT -DROCKSDB_SCHED_GETCPU_PRESENT -DROCKSDB_AUXV_GETAUXVAL_PRESENT -DHAVE_SSE42 -DHAVE_PCLMUL -DHAVE_AVX2 -DHAVE_UINT128_EXTENSION -DROCKSDB_SUPPORT_THREAD_LOCAL -I/usr/local/include -I. -Ibin -I../libgpm/include -I/usr/local/cuda/include -I../include -c gpu_puts.cu -o bin/gpu_puts.o
gpu_puts.cu(165): warning #177-D: variable "gridSize" was declared but never referenced
      int gridSize = (num_elems + 512 - 1) / 512;
          ^

Remark: The warnings can be suppressed with "-diag-suppress <warning-number>"

libgpm.cuh: In function ‘void pmem_mt_persist(void*, size_t)’:
libgpm.cuh:351:8: warning: format ‘%d’ expects argument of type ‘int’, but argument 2 has type ‘size_t’ {aka ‘long unsigned int’} [-Wformat=]
  351 |     printf("Using %d threads to persist\n", threads);
      |        ^~~~~~~~~~~~~~~~~~~~~~~~~~~~~~~  ~~~~~~~
      |                                         |
      |                                         size_t {aka long unsigned int}
nvcc -O3 -std=c++14 -Xcompiler -fopenmp -rdc=true -arch=sm_75 -DON_DCPMM -DHAVE_ALIGNED_NEW -DROCKSDB_PLATFORM_POSIX -DROCKSDB_LIB_IO_POSIX -DOS_LINUX -DROCKSDB_FALLOCATE_PRESENT -DSNAPPY -DGFLAGS=1 -DZLIB -DBZIP2 -DNUMA -DTBB -DROCKSDB_MALLOC_USABLE_SIZE -DROCKSDB_PTHREAD_ADAPTIVE_MUTEX -DROCKSDB_BACKTRACE -DROCKSDB_RANGESYNC_PRESENT -DROCKSDB_SCHED_GETCPU_PRESENT -DROCKSDB_AUXV_GETAUXVAL_PRESENT -DHAVE_SSE42 -DHAVE_PCLMUL -DHAVE_AVX2 -DHAVE_UINT128_EXTENSION -DROCKSDB_SUPPORT_THREAD_LOCAL -I/usr/local/include -I. -Ibin -I../libgpm/include -I/usr/local/cuda/include -I../include -c gpu_puts_values.cu -o bin/gpu_puts_values.o
libgpm.cuh: In function ‘void pmem_mt_persist(void*, size_t)’:
libgpm.cuh:351:8: warning: format ‘%d’ expects argument of type ‘int’, but argument 2 has type ‘size_t’ {aka ‘long unsigned int’} [-Wformat=]
  351 |     printf("Using %d threads to persist\n", threads);
      |        ^~~~~~~~~~~~~~~~~~~~~~~~~~~~~~~  ~~~~~~~
      |                                         |
      |                                         size_t {aka long unsigned int}
nvcc -O3 -std=c++14 -Xcompiler -fopenmp -rdc=true -arch=sm_75 -DON_DCPMM -DHAVE_ALIGNED_NEW -DROCKSDB_PLATFORM_POSIX -DROCKSDB_LIB_IO_POSIX -DOS_LINUX -DROCKSDB_FALLOCATE_PRESENT -DSNAPPY -DGFLAGS=1 -DZLIB -DBZIP2 -DNUMA -DTBB -DROCKSDB_MALLOC_USABLE_SIZE -DROCKSDB_PTHREAD_ADAPTIVE_MUTEX -DROCKSDB_BACKTRACE -DROCKSDB_RANGESYNC_PRESENT -DROCKSDB_SCHED_GETCPU_PRESENT -DROCKSDB_AUXV_GETAUXVAL_PRESENT -DHAVE_SSE42 -DHAVE_PCLMUL -DHAVE_AVX2 -DHAVE_UINT128_EXTENSION -DROCKSDB_SUPPORT_THREAD_LOCAL -I/usr/local/include -I. -Ibin -I../libgpm/include -I/usr/local/cuda/include -I../include -c gpu_gets_values.cu -o bin/gpu_gets_values.o
gpu_gets_values.cu(41): warning #68-D: integer conversion resulted in a change of sign
      if (tag == -1);
                 ^

Remark: The warnings can be suppressed with "-diag-suppress <warning-number>"

gpu_gets_values.cu(41): warning #68-D: integer conversion resulted in a change of sign
      if (tag == -1);
                 ^

Remark: The warnings can be suppressed with "-diag-suppress <warning-number>"

gpu_gets_values.cu(149): warning #177-D: variable "h_resultIdx" was declared but never referenced
      int* resultIdx, *h_resultIdx;
                       ^

nvcc -O3 -std=c++14 -Xcompiler -fopenmp -rdc=true -arch=sm_75 -DON_DCPMM -DHAVE_ALIGNED_NEW -DROCKSDB_PLATFORM_POSIX -DROCKSDB_LIB_IO_POSIX -DOS_LINUX -DROCKSDB_FALLOCATE_PRESENT -DSNAPPY -DGFLAGS=1 -DZLIB -DBZIP2 -DNUMA -DTBB -DROCKSDB_MALLOC_USABLE_SIZE -DROCKSDB_PTHREAD_ADAPTIVE_MUTEX -DROCKSDB_BACKTRACE -DROCKSDB_RANGESYNC_PRESENT -DROCKSDB_SCHED_GETCPU_PRESENT -DROCKSDB_AUXV_GETAUXVAL_PRESENT -DHAVE_SSE42 -DHAVE_PCLMUL -DHAVE_AVX2 -DHAVE_UINT128_EXTENSION -DROCKSDB_SUPPORT_THREAD_LOCAL -I/usr/local/include -I. -Ibin -I../libgpm/include -I/usr/local/cuda/include -I../include -c memtable.cu -o bin/memtable.o
nvcc -O3 -std=c++14 -Xcompiler -fopenmp -rdc=true -arch=sm_75 -DON_DCPMM -DHAVE_ALIGNED_NEW -DROCKSDB_PLATFORM_POSIX -DROCKSDB_LIB_IO_POSIX -DOS_LINUX -DROCKSDB_FALLOCATE_PRESENT -DSNAPPY -DGFLAGS=1 -DZLIB -DBZIP2 -DNUMA -DTBB -DROCKSDB_MALLOC_USABLE_SIZE -DROCKSDB_PTHREAD_ADAPTIVE_MUTEX -DROCKSDB_BACKTRACE -DROCKSDB_RANGESYNC_PRESENT -DROCKSDB_SCHED_GETCPU_PRESENT -DROCKSDB_AUXV_GETAUXVAL_PRESENT -DHAVE_SSE42 -DHAVE_PCLMUL -DHAVE_AVX2 -DHAVE_UINT128_EXTENSION -DROCKSDB_SUPPORT_THREAD_LOCAL -I/usr/local/include -I. -Ibin -I../libgpm/include -I/usr/local/cuda/include -I../include -c gpu_gets.cu -o bin/gpu_gets.o
gpu_gets.cu(41): warning #68-D: integer conversion resulted in a change of sign
      if (tag == -1);
                 ^

Remark: The warnings can be suppressed with "-diag-suppress <warning-number>"

gpu_gets.cu(41): warning #68-D: integer conversion resulted in a change of sign
      if (tag == -1);
                 ^

Remark: The warnings can be suppressed with "-diag-suppress <warning-number>"

gpu_gets.cu(82): warning #181-D: argument is incompatible with corresponding format string conversion (expected type "int" but argument has type "unsigned long")
          printf("%s %d\n", active->d_sortedKeys + (i * 8), active->d_sortedOperationIDs[i]);
                                                            ^

gpu_gets.cu(148): warning #177-D: variable "h_resultIdx" was declared but never referenced
      int* resultIdx, *h_resultIdx;
                       ^

nvcc -O3 -std=c++14 -Xcompiler -fopenmp -rdc=true -arch=sm_75 -DON_DCPMM -DHAVE_ALIGNED_NEW -DROCKSDB_PLATFORM_POSIX -DROCKSDB_LIB_IO_POSIX -DOS_LINUX -DROCKSDB_FALLOCATE_PRESENT -DSNAPPY -DGFLAGS=1 -DZLIB -DBZIP2 -DNUMA -DTBB -DROCKSDB_MALLOC_USABLE_SIZE -DROCKSDB_PTHREAD_ADAPTIVE_MUTEX -DROCKSDB_BACKTRACE -DROCKSDB_RANGESYNC_PRESENT -DROCKSDB_SCHED_GETCPU_PRESENT -DROCKSDB_AUXV_GETAUXVAL_PRESENT -DHAVE_SSE42 -DHAVE_PCLMUL -DHAVE_AVX2 -DHAVE_UINT128_EXTENSION -DROCKSDB_SUPPORT_THREAD_LOCAL -I/usr/local/include -I. -Ibin -I../libgpm/include -I/usr/local/cuda/include -I../include -c search.cu -o bin/search.o
nvcc -O3 -std=c++14 -Xcompiler -fopenmp -rdc=true -arch=sm_75 -DON_DCPMM -DHAVE_ALIGNED_NEW -DROCKSDB_PLATFORM_POSIX -DROCKSDB_LIB_IO_POSIX -DOS_LINUX -DROCKSDB_FALLOCATE_PRESENT -DSNAPPY -DGFLAGS=1 -DZLIB -DBZIP2 -DNUMA -DTBB -DROCKSDB_MALLOC_USABLE_SIZE -DROCKSDB_PTHREAD_ADAPTIVE_MUTEX -DROCKSDB_BACKTRACE -DROCKSDB_RANGESYNC_PRESENT -DROCKSDB_SCHED_GETCPU_PRESENT -DROCKSDB_AUXV_GETAUXVAL_PRESENT -DHAVE_SSE42 -DHAVE_PCLMUL -DHAVE_AVX2 -DHAVE_UINT128_EXTENSION -DROCKSDB_SUPPORT_THREAD_LOCAL -I/usr/local/include -I. -Ibin -I../libgpm/include -I/usr/local/cuda/include -I../include -c gpu_updates.cu -o bin/gpu_updates.o
libgpm.cuh: In function ‘void pmem_mt_persist(void*, size_t)’:
libgpm.cuh:351:8: warning: format ‘%d’ expects argument of type ‘int’, but argument 2 has type ‘size_t’ {aka ‘long unsigned int’} [-Wformat=]
  351 |     printf("Using %d threads to persist\n", threads);
      |        ^~~~~~~~~~~~~~~~~~~~~~~~~~~~~~~  ~~~~~~~
      |                                         |
      |                                         size_t {aka long unsigned int}
nvcc -O3 -std=c++14 -Xcompiler -fopenmp -rdc=true -arch=sm_75 -DON_DCPMM -DHAVE_ALIGNED_NEW -DROCKSDB_PLATFORM_POSIX -DROCKSDB_LIB_IO_POSIX -DOS_LINUX -DROCKSDB_FALLOCATE_PRESENT -DSNAPPY -DGFLAGS=1 -DZLIB -DBZIP2 -DNUMA -DTBB -DROCKSDB_MALLOC_USABLE_SIZE -DROCKSDB_PTHREAD_ADAPTIVE_MUTEX -DROCKSDB_BACKTRACE -DROCKSDB_RANGESYNC_PRESENT -DROCKSDB_SCHED_GETCPU_PRESENT -DROCKSDB_AUXV_GETAUXVAL_PRESENT -DHAVE_SSE42 -DHAVE_PCLMUL -DHAVE_AVX2 -DHAVE_UINT128_EXTENSION -DROCKSDB_SUPPORT_THREAD_LOCAL -I/usr/local/include -I. -Ibin -I../libgpm/include -I/usr/local/cuda/include -I../include -c batch.cu -o bin/batch.o
batch.cu(440): warning #549-D: variable "getValuePointers" is used before its value is set
      searchGetsOnGPU(getCommand.keys, activeMemtable, immutableMemtable, keyLength, numReads, getValuePointers, getCommand.operationIDs, cache);
                                                                                               ^

Remark: The warnings can be suppressed with "-diag-suppress <warning-number>"

batch.cu(440): warning #549-D: variable "getValuePointers" is used before its value is set
      searchGetsOnGPU(getCommand.keys, activeMemtable, immutableMemtable, keyLength, numReads, getValuePointers, getCommand.operationIDs, cache);
                                                                                               ^

Remark: The warnings can be suppressed with "-diag-suppress <warning-number>"

libgpm.cuh: In function ‘void pmem_mt_persist(void*, size_t)’:
libgpm.cuh:351:8: warning: format ‘%d’ expects argument of type ‘int’, but argument 2 has type ‘size_t’ {aka ‘long unsigned int’} [-Wformat=]
  351 |     printf("Using %d threads to persist\n", threads);
      |        ^~~~~~~~~~~~~~~~~~~~~~~~~~~~~~~  ~~~~~~~
      |                                         |
      |                                         size_t {aka long unsigned int}
nvcc -O3 -std=c++14 -Xcompiler -fopenmp -rdc=true -arch=sm_75 -DON_DCPMM -DHAVE_ALIGNED_NEW -DROCKSDB_PLATFORM_POSIX -DROCKSDB_LIB_IO_POSIX -DOS_LINUX -DROCKSDB_FALLOCATE_PRESENT -DSNAPPY -DGFLAGS=1 -DZLIB -DBZIP2 -DNUMA -DTBB -DROCKSDB_MALLOC_USABLE_SIZE -DROCKSDB_PTHREAD_ADAPTIVE_MUTEX -DROCKSDB_BACKTRACE -DROCKSDB_RANGESYNC_PRESENT -DROCKSDB_SCHED_GETCPU_PRESENT -DROCKSDB_AUXV_GETAUXVAL_PRESENT -DHAVE_SSE42 -DHAVE_PCLMUL -DHAVE_AVX2 -DHAVE_UINT128_EXTENSION -DROCKSDB_SUPPORT_THREAD_LOCAL -I/usr/local/include -I. -Ibin -I../libgpm/include -I/usr/local/cuda/include -I../include -c block_cache.cu -o bin/block_cache.o
g++  -O3 -std=c++14 -std=c++11  -faligned-new -DHAVE_ALIGNED_NEW -DROCKSDB_PLATFORM_POSIX -DROCKSDB_LIB_IO_POSIX  -DOS_LINUX -fno-builtin-memcmp -DROCKSDB_FALLOCATE_PRESENT -DSNAPPY -DGFLAGS=1 -DZLIB -DBZIP2 -DLZ4 -DZSTD -DNUMA -DTBB -DROCKSDB_MALLOC_USABLE_SIZE -DROCKSDB_PTHREAD_ADAPTIVE_MUTEX -DROCKSDB_BACKTRACE -DROCKSDB_RANGESYNC_PRESENT -DROCKSDB_SCHED_GETCPU_PRESENT -DROCKSDB_AUXV_GETAUXVAL_PRESENT -march=native   -DHAVE_SSE42  -DHAVE_PCLMUL  -DHAVE_AVX2 -DHAVE_UINT128_EXTENSION -DROCKSDB_SUPPORT_THREAD_LOCAL -DON_DCPMM -DHAVE_ALIGNED_NEW -DROCKSDB_PLATFORM_POSIX -DROCKSDB_LIB_IO_POSIX -DOS_LINUX -DROCKSDB_FALLOCATE_PRESENT -DSNAPPY -DGFLAGS=1 -DZLIB -DBZIP2 -DNUMA -DTBB -DROCKSDB_MALLOC_USABLE_SIZE -DROCKSDB_PTHREAD_ADAPTIVE_MUTEX -DROCKSDB_BACKTRACE -DROCKSDB_RANGESYNC_PRESENT -DROCKSDB_SCHED_GETCPU_PRESENT -DROCKSDB_AUXV_GETAUXVAL_PRESENT -DHAVE_SSE42 -DHAVE_PCLMUL -DHAVE_AVX2 -DHAVE_UINT128_EXTENSION -DROCKSDB_SUPPORT_THREAD_LOCAL -I/usr/local/include -I. -Ibin -I../libgpm/include -I/usr/local/cuda/include -I../include -c sst_writer.cc -o bin/sst_writer.o
sst_writer.cc:17: warning: "TOMBSTONE_MARKER" redefined
   17 | #define TOMBSTONE_MARKER nullptr
      | 
In file included from sst_writer.cc:14:
batch.h:13: note: this is the location of the previous definition
   13 | #define TOMBSTONE_MARKER NULL
      | 
nvcc -O3 -std=c++14 -Xcompiler -fopenmp -rdc=true -arch=sm_75 -DON_DCPMM -DHAVE_ALIGNED_NEW -DROCKSDB_PLATFORM_POSIX -DROCKSDB_LIB_IO_POSIX -DOS_LINUX -DROCKSDB_FALLOCATE_PRESENT -DSNAPPY -DGFLAGS=1 -DZLIB -DBZIP2 -DNUMA -DTBB -DROCKSDB_MALLOC_USABLE_SIZE -DROCKSDB_PTHREAD_ADAPTIVE_MUTEX -DROCKSDB_BACKTRACE -DROCKSDB_RANGESYNC_PRESENT -DROCKSDB_SCHED_GETCPU_PRESENT -DROCKSDB_AUXV_GETAUXVAL_PRESENT -DHAVE_SSE42 -DHAVE_PCLMUL -DHAVE_AVX2 -DHAVE_UINT128_EXTENSION -DROCKSDB_SUPPORT_THREAD_LOCAL -I/usr/local/include -I. -Ibin -I../libgpm/include -I/usr/local/cuda/include -I../include -c gpu_range.cu -o bin/gpu_range.o
libgpm.cuh: In function ‘void pmem_mt_persist(void*, size_t)’:
libgpm.cuh:351:8: warning: format ‘%d’ expects argument of type ‘int’, but argument 2 has type ‘size_t’ {aka ‘long unsigned int’} [-Wformat=]
  351 |     printf("Using %d threads to persist\n", threads);
      |        ^~~~~~~~~~~~~~~~~~~~~~~~~~~~~~~  ~~~~~~~
      |                                         |
      |                                         size_t {aka long unsigned int}
ar rcs libgpu.a bin/gpu_puts.o bin/gpu_puts_values.o bin/gpu_gets_values.o bin/memtable.o bin/gpu_gets.o bin/search.o bin/gpu_updates.o bin/batch.o bin/block_cache.o bin/sst_writer.o bin/gpu_range.o
nvcc -O3 -std=c++14 -Xcompiler -fopenmp -rdc=true -arch=sm_75 -DON_DCPMM -DHAVE_ALIGNED_NEW -DROCKSDB_PLATFORM_POSIX -DROCKSDB_LIB_IO_POSIX -DOS_LINUX -DROCKSDB_FALLOCATE_PRESENT -DSNAPPY -DGFLAGS=1 -DZLIB -DBZIP2 -DNUMA -DTBB -DROCKSDB_MALLOC_USABLE_SIZE -DROCKSDB_PTHREAD_ADAPTIVE_MUTEX -DROCKSDB_BACKTRACE -DROCKSDB_RANGESYNC_PRESENT -DROCKSDB_SCHED_GETCPU_PRESENT -DROCKSDB_AUXV_GETAUXVAL_PRESENT -DHAVE_SSE42 -DHAVE_PCLMUL -DHAVE_AVX2 -DHAVE_UINT128_EXTENSION -DROCKSDB_SUPPORT_THREAD_LOCAL -I/usr/local/include -I. -Ibin -I../libgpm/include -I/usr/local/cuda/include -I../include -DON_DCPMM -DHAVE_ALIGNED_NEW -DROCKSDB_PLATFORM_POSIX -DROCKSDB_LIB_IO_POSIX -DOS_LINUX -DROCKSDB_FALLOCATE_PRESENT -DSNAPPY -DGFLAGS=1 -DZLIB -DBZIP2 -DNUMA -DTBB -DROCKSDB_MALLOC_USABLE_SIZE -DROCKSDB_PTHREAD_ADAPTIVE_MUTEX -DROCKSDB_BACKTRACE -DROCKSDB_RANGESYNC_PRESENT -DROCKSDB_SCHED_GETCPU_PRESENT -DROCKSDB_AUXV_GETAUXVAL_PRESENT -DHAVE_SSE42 -DHAVE_PCLMUL -DHAVE_AVX2 -DHAVE_UINT128_EXTENSION -DROCKSDB_SUPPORT_THREAD_LOCAL test_puts.cc -o bin/test_puts libgpu.a ../librocksdb.a -L/usr/local/lib/ -L/usr/local/lib64/ -L/usr/local/cuda/lib64 -lsnappy -lgflags -lz -lbz2 -llz4 -lzstd -ldl -lpthread -lrt -lm -lnuma -ltbb -lpmem -lpmemobj -lcuda -lcudart -lnvidia-ml -lpci -lpthread -lrt -lsnappy -lgflags -lz -lbz2 -llz4 -lzstd -lnuma -ltbb -L/usr/local/lib/ -L/usr/local/lib64/ -lpmem -lpmemobj
==> PUTS n=10000 k=8 v=8
==> PUTS n=1000000 k=8 v=8
==> PUTS n=10000000 k=8 v=8
==> PUTS n=25000000 k=8 v=8
==> PUTS n=50000000 k=8 v=8
==> PUTS n=75000000 k=8 v=8
==> PUTS n=100000000 k=8 v=8
./run_puts.sh: line 18: ./bin/test_puts: No such file or directory
[H-Rocks] run_puts.sh not found, skipping run.
make: Entering directory '/home/shweta/testing/H-Rocks-SIGMOD25-artifact/pmem-rocksdb/benchmarks'
g++ -fno-rtti -I/usr/local/include -DON_DCPMM test_puts.cc -obin/test_puts ../librocksdb.a -I../include -O2 -std=c++11 -lpthread -lrt -lsnappy -lgflags -lz -lbz2 -llz4 -lzstd -lnuma -ltbb -std=c++11  -faligned-new -DHAVE_ALIGNED_NEW -DROCKSDB_PLATFORM_POSIX -DROCKSDB_LIB_IO_POSIX  -DOS_LINUX -fno-builtin-memcmp -DROCKSDB_FALLOCATE_PRESENT -DSNAPPY -DGFLAGS=1 -DZLIB -DBZIP2 -DLZ4 -DZSTD -DNUMA -DTBB -DROCKSDB_MALLOC_USABLE_SIZE -DROCKSDB_PTHREAD_ADAPTIVE_MUTEX -DROCKSDB_BACKTRACE -DROCKSDB_RANGESYNC_PRESENT -DROCKSDB_SCHED_GETCPU_PRESENT -DROCKSDB_AUXV_GETAUXVAL_PRESENT -march=native   -DHAVE_SSE42  -DHAVE_PCLMUL  -DHAVE_AVX2 -DHAVE_UINT128_EXTENSION -DROCKSDB_SUPPORT_THREAD_LOCAL -DROCKSDB_JEMALLOC -DJEMALLOC_NO_DEMANGLE   -ldl -lpthread -L/usr/local/lib/ -L/usr/local/lib64/ -lpmem -lpmemobj
/usr/bin/ld: cannot open output file bin/test_puts: No such file or directory
collect2: error: ld returned 1 exit status
make: *** [Makefile:29: bin/test_puts] Error 1
make: Leaving directory '/home/shweta/testing/H-Rocks-SIGMOD25-artifact/pmem-rocksdb/benchmarks'
[pmem-rocksdb] run_puts.sh not found, skipping run.
-- Failed to find LLVM FileCheck
-- Google Benchmark version: v1.9.4-66-g18b746f8, normalized to 1.9.4.66
-- Performing Test HAVE_STD_REGEX -- success
-- Performing Test HAVE_GNU_POSIX_REGEX -- failed to compile
-- Performing Test HAVE_POSIX_REGEX -- success
-- Performing Test HAVE_STEADY_CLOCK -- success
-- Performing Test HAVE_PTHREAD_AFFINITY -- failed to compile
-- Found PMDK. Including /usr/include and linking /usr/local/lib/libpmem.so
-- IPO enabled
-- The tbbbind_2_0 target will be configured using the HWLOC 2.1.0
-- BUILDING BENCHMARKS IN RELEASE
-- Configuring done (126.3s)
-- Generating done (0.1s)
-- Build files have been written to: /home/shweta/testing/H-Rocks-SIGMOD25-artifact/viper/microbenchmarks/build
[  1%] Building CXX object _deps/benchmark-build/src/CMakeFiles/benchmark.dir/benchmark.cc.o
[  2%] Building CXX object _deps/benchmark-build/src/CMakeFiles/benchmark.dir/benchmark_api_internal.cc.o
[  3%] Building CXX object _deps/benchmark-build/src/CMakeFiles/benchmark.dir/benchmark_name.cc.o
[  4%] Building CXX object _deps/benchmark-build/src/CMakeFiles/benchmark.dir/benchmark_register.cc.o
[  5%] Building CXX object _deps/benchmark-build/src/CMakeFiles/benchmark.dir/benchmark_runner.cc.o
[  6%] Building CXX object _deps/benchmark-build/src/CMakeFiles/benchmark.dir/check.cc.o
[  7%] Building CXX object _deps/benchmark-build/src/CMakeFiles/benchmark.dir/colorprint.cc.o
[  8%] Building CXX object _deps/benchmark-build/src/CMakeFiles/benchmark.dir/commandlineflags.cc.o
[  9%] Building CXX object _deps/benchmark-build/src/CMakeFiles/benchmark.dir/complexity.cc.o
[ 10%] Building CXX object _deps/benchmark-build/src/CMakeFiles/benchmark.dir/console_reporter.cc.o
[ 11%] Building CXX object _deps/benchmark-build/src/CMakeFiles/benchmark.dir/counter.cc.o
[ 12%] Building CXX object _deps/benchmark-build/src/CMakeFiles/benchmark.dir/csv_reporter.cc.o
[ 13%] Building CXX object _deps/benchmark-build/src/CMakeFiles/benchmark.dir/json_reporter.cc.o
[ 14%] Building CXX object _deps/benchmark-build/src/CMakeFiles/benchmark.dir/perf_counters.cc.o
[ 15%] Building CXX object _deps/benchmark-build/src/CMakeFiles/benchmark.dir/reporter.cc.o
[ 16%] Building CXX object _deps/benchmark-build/src/CMakeFiles/benchmark.dir/statistics.cc.o
[ 17%] Building CXX object _deps/benchmark-build/src/CMakeFiles/benchmark.dir/string_util.cc.o
[ 18%] Building CXX object _deps/benchmark-build/src/CMakeFiles/benchmark.dir/sysinfo.cc.o
[ 20%] Building CXX object _deps/benchmark-build/src/CMakeFiles/benchmark.dir/timers.cc.o
[ 21%] Linking CXX static library libbenchmark.a
[ 21%] Built target benchmark
[ 22%] Building CXX object CMakeFiles/put_key_value.dir/put_key_value.cpp.o
[ 23%] Linking CXX executable put_key_value
[ 23%] Built target put_key_value
[ 24%] Building CXX object CMakeFiles/prefill_put.dir/prefill_put.cpp.o
[ 25%] Linking CXX executable prefill_put
[ 25%] Built target prefill_put
[ 26%] Building CXX object CMakeFiles/same_key_update.dir/same_key_update.cpp.o
[ 27%] Linking CXX executable same_key_update
[ 27%] Built target same_key_update
[ 28%] Building CXX object CMakeFiles/test_same_key3.dir/test_same_key3.cpp.o
[ 29%] Linking CXX executable test_same_key3
[ 29%] Built target test_same_key3
[ 30%] Building CXX object CMakeFiles/prefill_delete.dir/prefill_delete.cpp.o
[ 31%] Linking CXX executable prefill_delete
[ 31%] Built target prefill_delete
[ 32%] Building CXX object CMakeFiles/put_latency.dir/put_latency.cpp.o
[ 33%] Linking CXX executable put_latency
[ 33%] Built target put_latency
[ 34%] Building CXX object CMakeFiles/recovery_test.dir/recovery_test.cpp.o
[ 35%] Linking CXX executable recovery_test
[ 35%] Built target recovery_test
[ 36%] Building CXX object CMakeFiles/put_rps.dir/put_rps.cpp.o
[ 37%] Linking CXX executable put_rps
[ 37%] Built target put_rps
[ 38%] Building CXX object CMakeFiles/get_rps.dir/get_rps.cpp.o
[ 40%] Linking CXX executable get_rps
[ 40%] Built target get_rps
[ 41%] Building CXX object CMakeFiles/ycsbA.dir/ycsbA.cpp.o
[ 42%] Linking CXX executable ycsbA
[ 42%] Built target ycsbA
[ 43%] Building CXX object CMakeFiles/ycsbB.dir/ycsbB.cpp.o
[ 44%] Linking CXX executable ycsbB
[ 44%] Built target ycsbB
[ 45%] Building CXX object CMakeFiles/get_key_value.dir/get_key_value.cpp.o
[ 46%] Linking CXX executable get_key_value
[ 46%] Built target get_key_value
[ 47%] Building CXX object CMakeFiles/prefill_get.dir/prefill_get.cpp.o
[ 48%] Linking CXX executable prefill_get
[ 48%] Built target prefill_get
[ 49%] Building CXX object CMakeFiles/prefill_update.dir/prefill_update.cpp.o
[ 50%] Linking CXX executable prefill_update
[ 50%] Built target prefill_update
[ 51%] Building CXX object _deps/benchmark-build/src/CMakeFiles/benchmark_main.dir/benchmark_main.cc.o
[ 52%] Linking CXX static library libbenchmark_main.a
[ 52%] Built target benchmark_main
[ 53%] Building CXX object _deps/onetbb-build/src/tbb/CMakeFiles/tbb.dir/address_waiter.cpp.o
[ 54%] Building CXX object _deps/onetbb-build/src/tbb/CMakeFiles/tbb.dir/allocator.cpp.o
[ 55%] Building CXX object _deps/onetbb-build/src/tbb/CMakeFiles/tbb.dir/arena.cpp.o
[ 56%] Building CXX object _deps/onetbb-build/src/tbb/CMakeFiles/tbb.dir/arena_slot.cpp.o
[ 57%] Building CXX object _deps/onetbb-build/src/tbb/CMakeFiles/tbb.dir/concurrent_bounded_queue.cpp.o
[ 58%] Building CXX object _deps/onetbb-build/src/tbb/CMakeFiles/tbb.dir/dynamic_link.cpp.o
[ 60%] Building CXX object _deps/onetbb-build/src/tbb/CMakeFiles/tbb.dir/exception.cpp.o
[ 61%] Building CXX object _deps/onetbb-build/src/tbb/CMakeFiles/tbb.dir/governor.cpp.o
[ 62%] Building CXX object _deps/onetbb-build/src/tbb/CMakeFiles/tbb.dir/global_control.cpp.o
[ 63%] Building CXX object _deps/onetbb-build/src/tbb/CMakeFiles/tbb.dir/itt_notify.cpp.o
[ 64%] Building CXX object _deps/onetbb-build/src/tbb/CMakeFiles/tbb.dir/main.cpp.o
[ 65%] Building CXX object _deps/onetbb-build/src/tbb/CMakeFiles/tbb.dir/market.cpp.o
[ 66%] Building CXX object _deps/onetbb-build/src/tbb/CMakeFiles/tbb.dir/tcm_adaptor.cpp.o
[ 67%] Building CXX object _deps/onetbb-build/src/tbb/CMakeFiles/tbb.dir/misc.cpp.o
[ 68%] Building CXX object _deps/onetbb-build/src/tbb/CMakeFiles/tbb.dir/misc_ex.cpp.o
[ 69%] Building CXX object _deps/onetbb-build/src/tbb/CMakeFiles/tbb.dir/observer_proxy.cpp.o
[ 70%] Building CXX object _deps/onetbb-build/src/tbb/CMakeFiles/tbb.dir/parallel_pipeline.cpp.o
[ 71%] Building CXX object _deps/onetbb-build/src/tbb/CMakeFiles/tbb.dir/private_server.cpp.o
[ 72%] Building CXX object _deps/onetbb-build/src/tbb/CMakeFiles/tbb.dir/profiling.cpp.o
[ 73%] Building CXX object _deps/onetbb-build/src/tbb/CMakeFiles/tbb.dir/rml_tbb.cpp.o
[ 74%] Building CXX object _deps/onetbb-build/src/tbb/CMakeFiles/tbb.dir/rtm_mutex.cpp.o
[ 75%] Building CXX object _deps/onetbb-build/src/tbb/CMakeFiles/tbb.dir/rtm_rw_mutex.cpp.o
[ 76%] Building CXX object _deps/onetbb-build/src/tbb/CMakeFiles/tbb.dir/semaphore.cpp.o
[ 77%] Building CXX object _deps/onetbb-build/src/tbb/CMakeFiles/tbb.dir/small_object_pool.cpp.o
[ 78%] Building CXX object _deps/onetbb-build/src/tbb/CMakeFiles/tbb.dir/task.cpp.o
[ 80%] Building CXX object _deps/onetbb-build/src/tbb/CMakeFiles/tbb.dir/task_dispatcher.cpp.o
[ 81%] Building CXX object _deps/onetbb-build/src/tbb/CMakeFiles/tbb.dir/task_group_context.cpp.o
[ 82%] Building CXX object _deps/onetbb-build/src/tbb/CMakeFiles/tbb.dir/thread_dispatcher.cpp.o
[ 83%] Building CXX object _deps/onetbb-build/src/tbb/CMakeFiles/tbb.dir/thread_request_serializer.cpp.o
[ 84%] Building CXX object _deps/onetbb-build/src/tbb/CMakeFiles/tbb.dir/threading_control.cpp.o
[ 85%] Building CXX object _deps/onetbb-build/src/tbb/CMakeFiles/tbb.dir/version.cpp.o
[ 86%] Building CXX object _deps/onetbb-build/src/tbb/CMakeFiles/tbb.dir/queuing_rw_mutex.cpp.o
[ 87%] Linking CXX shared library ../../../../gnu_11.4_cxx11_64_release/libtbb.so
[ 87%] Built target tbb
[ 88%] Building CXX object _deps/onetbb-build/src/tbbmalloc/CMakeFiles/tbbmalloc.dir/backend.cpp.o
[ 89%] Building CXX object _deps/onetbb-build/src/tbbmalloc/CMakeFiles/tbbmalloc.dir/backref.cpp.o
[ 90%] Building CXX object _deps/onetbb-build/src/tbbmalloc/CMakeFiles/tbbmalloc.dir/frontend.cpp.o
[ 91%] Building CXX object _deps/onetbb-build/src/tbbmalloc/CMakeFiles/tbbmalloc.dir/large_objects.cpp.o
[ 92%] Building CXX object _deps/onetbb-build/src/tbbmalloc/CMakeFiles/tbbmalloc.dir/tbbmalloc.cpp.o
[ 93%] Building CXX object _deps/onetbb-build/src/tbbmalloc/CMakeFiles/tbbmalloc.dir/__/tbb/itt_notify.cpp.o
[ 94%] Linking C shared library ../../../../gnu_11.4_cxx11_64_release/libtbbmalloc.so
[ 94%] Built target tbbmalloc
[ 95%] Building CXX object _deps/onetbb-build/src/tbbmalloc_proxy/CMakeFiles/tbbmalloc_proxy.dir/function_replacement.cpp.o
[ 96%] Building CXX object _deps/onetbb-build/src/tbbmalloc_proxy/CMakeFiles/tbbmalloc_proxy.dir/proxy.cpp.o
[ 97%] Linking CXX shared library ../../../../gnu_11.4_cxx11_64_release/libtbbmalloc_proxy.so
[ 97%] Built target tbbmalloc_proxy
[ 98%] Building CXX object _deps/onetbb-build/src/tbbbind/CMakeFiles/tbbbind_2_0.dir/tbb_bind.cpp.o
[100%] Linking CXX shared library ../../../../gnu_11.4_cxx11_64_release/libtbbbind_2_0.so
[100%] Built target tbbbind_2_0
10000
100000
200000
400000
800000
1000000
2000000
4000000
8000000
10000000
20000000
40000000
50000000
./run_prefill_put.sh: line 14: 3554665 Segmentation fault      (core dumped) ./build/prefill_put -n $size -k 8 -v 8 -t 128 > output_prefill_put/output_8_8_$size
80000000
terminate called after throwing an instance of 'std::runtime_error'
  what():  Cannot create new database in non-empty directory
./run_prefill_put.sh: line 14: 3554932 Aborted                 (core dumped) ./build/prefill_put -n $size -k 8 -v 8 -t 128 > output_prefill_put/output_8_8_$size
100000000
terminate called after throwing an instance of 'std::runtime_error'
  what():  Cannot create new database in non-empty directory
./run_prefill_put.sh: line 14: 3556957 Aborted                 (core dumped) ./build/prefill_put -n $size -k 8 -v 8 -t 128 > output_prefill_put/output_8_8_$size
[Viper] run_prefill_put.sh not found, skipping run.
10000
1000000
10000000
25000000
50000000
75000000
100000000
main-gu-zipfian.c: In function ‘int main(int, char**)’:
main-gu-zipfian.c:512:23: warning: cast to pointer from integer of different size [-Wint-to-pointer-cast]
  512 |         bt->insert(i, (char*) i);
      |                       ^~~~~~~~~
In file included from main-gu-zipfian.c:1:
utree.h: In static member function ‘static void* page::operator new(size_t)’:
utree.h:204:21: warning: ignoring return value of ‘int posix_memalign(void**, size_t, size_t)’ declared with attribute ‘warn_unused_result’ [-Wunused-result]
  204 |       posix_memalign(&ret,64,size);
      |       ~~~~~~~~~~~~~~^~~~~~~~~~~~~~
In file included from insert_test.cc:1:
utree.h: In static member function ‘static void* page::operator new(size_t)’:
utree.h:204:21: warning: ignoring return value of ‘int posix_memalign(void**, size_t, size_t)’ declared with attribute ‘warn_unused_result’ [-Wunused-result]
  204 |       posix_memalign(&ret,64,size);
      |       ~~~~~~~~~~~~~~^~~~~~~~~~~~~~
In file included from get_test.cc:1:
utree.h: In static member function ‘static void* page::operator new(size_t)’:
utree.h:204:21: warning: ignoring return value of ‘int posix_memalign(void**, size_t, size_t)’ declared with attribute ‘warn_unused_result’ [-Wunused-result]
  204 |       posix_memalign(&ret,64,size);
      |       ~~~~~~~~~~~~~~^~~~~~~~~~~~~~
In file included from remove_test.cc:1:
utree.h: In static member function ‘static void* page::operator new(size_t)’:
utree.h:204:21: warning: ignoring return value of ‘int posix_memalign(void**, size_t, size_t)’ declared with attribute ‘warn_unused_result’ [-Wunused-result]
  204 |       posix_memalign(&ret,64,size);
      |       ~~~~~~~~~~~~~~^~~~~~~~~~~~~~
In file included from update_test.cc:1:
utree.h: In static member function ‘static void* page::operator new(size_t)’:
utree.h:204:21: warning: ignoring return value of ‘int posix_memalign(void**, size_t, size_t)’ declared with attribute ‘warn_unused_result’ [-Wunused-result]
  204 |       posix_memalign(&ret,64,size);
      |       ~~~~~~~~~~~~~~^~~~~~~~~~~~~~
In file included from concurrency_test.cc:1:
utree.h: In static member function ‘static void* page::operator new(size_t)’:
utree.h:204:21: warning: ignoring return value of ‘int posix_memalign(void**, size_t, size_t)’ declared with attribute ‘warn_unused_result’ [-Wunused-result]
  204 |       posix_memalign(&ret,64,size);
      |       ~~~~~~~~~~~~~~^~~~~~~~~~~~~~
500
1000
2000
4000
8000
10000
16000
25000
50000
100000
200000
400000
800000
1000000
2000000
4000000
8000000
10000000
20000000
40000000
50000000
80000000
100000000
Wrote /home/shweta/testing/H-Rocks-SIGMOD25-artifact/out/fig8a/hrocks_puts.csv
Wrote /home/shweta/testing/H-Rocks-SIGMOD25-artifact/out/fig8a/pmem_puts.csv
Wrote /home/shweta/testing/H-Rocks-SIGMOD25-artifact/out/fig8a/viper_puts.csv
